  "{0} -> {1}(부분 -> 전체 PDB)"
  System.FormatException: 0에서 시작하는 인덱스는 0보다 크거나 같아야 하며 인수 목록의 크기보다 작아야 합니다.
     위치: System.Text.StringBuilder.AppendFormatHelper(IFormatProvider provider, String format, ParamsArray args)
     위치: System.String.FormatHelper(IFormatProvider provider, String format, ParamsArray args)
     위치: System.String.Format(String format, Object[] args)
     위치: Microsoft.Build.Framework.LazyFormattedBuildEventArgs.FormatString(String unformatted, Object[] args)
EXEC : fatal error CMF1106: 
  Test project C:/Users/asus/Downloads/hiredis-master (1)/build
      Start 1: hiredis-test
  Process not started
   C:/Users/asus/Downloads/hiredis-master (1)/hiredis-master/test.sh
  [unknown error]
  1/1 Test #1: hiredis-test .....................***Not Run   0.00 sec
  
  0% tests passed, 1 tests failed out of 1
  
  Total Test time (real) =   0.00 sec
  
  The following tests FAILED:
  	  1 - hiredis-test (BAD_COMMAND)
  Errors while running CTest
  Output from these tests are in: C:/Users/asus/Downloads/hiredis-master (1)/build/Testing/Temporary/LastTest.log
  Use "--rerun-failed --output-on-failure" to re-run the failed cases verbosely.
C:\Program Files\Microsoft Visual Studio\2022\Community\MSBuild\Microsoft\VC\v170\Microsoft.CppCommon.targets(159,5): error MSB3073: "setlocal
C:\Program Files\Microsoft Visual Studio\2022\Community\MSBuild\Microsoft\VC\v170\Microsoft.CppCommon.targets(159,5): error MSB3073: "C:\Program Files\CMake\bin\ctest.exe" --force-new-ctest-process -C Release
C:\Program Files\Microsoft Visual Studio\2022\Community\MSBuild\Microsoft\VC\v170\Microsoft.CppCommon.targets(159,5): error MSB3073: if %errorlevel% neq 0 goto :cmEnd
C:\Program Files\Microsoft Visual Studio\2022\Community\MSBuild\Microsoft\VC\v170\Microsoft.CppCommon.targets(159,5): error MSB3073: :cmEnd
C:\Program Files\Microsoft Visual Studio\2022\Community\MSBuild\Microsoft\VC\v170\Microsoft.CppCommon.targets(159,5): error MSB3073: endlocal & call :cmErrorLevel %errorlevel% & goto :cmDone
C:\Program Files\Microsoft Visual Studio\2022\Community\MSBuild\Microsoft\VC\v170\Microsoft.CppCommon.targets(159,5): error MSB3073: :cmErrorLevel
C:\Program Files\Microsoft Visual Studio\2022\Community\MSBuild\Microsoft\VC\v170\Microsoft.CppCommon.targets(159,5): error MSB3073: exit /b %1
C:\Program Files\Microsoft Visual Studio\2022\Community\MSBuild\Microsoft\VC\v170\Microsoft.CppCommon.targets(159,5): error MSB3073: :cmDone
C:\Program Files\Microsoft Visual Studio\2022\Community\MSBuild\Microsoft\VC\v170\Microsoft.CppCommon.targets(159,5): error MSB3073: if %errorlevel% neq 0 goto :VCEnd
C:\Program Files\Microsoft Visual Studio\2022\Community\MSBuild\Microsoft\VC\v170\Microsoft.CppCommon.targets(159,5): error MSB3073: :VCEnd" 명령이 종료되었습니다(코드: 8).
